2022-09-21 00:29:58,065 INFO 11718 [egg-schedule]: register schedule /Users/haha/Documents/react/react_blog2/service4/node_modules/egg-multipart/app/schedule/clean_tmpdir.js
2022-09-21 00:29:58,065 INFO 11718 [egg-schedule]: register schedule /Users/haha/Documents/react/react_blog2/service4/node_modules/egg-logrotator/app/schedule/clean_log.js
2022-09-21 00:29:58,065 INFO 11718 [egg-schedule]: register schedule /Users/haha/Documents/react/react_blog2/service4/node_modules/egg-logrotator/app/schedule/rotate_by_file.js
2022-09-21 00:30:45,859 INFO 11759 [egg-schedule]: register schedule /Users/haha/Documents/react/react_blog2/service4/node_modules/egg-multipart/app/schedule/clean_tmpdir.js
2022-09-21 00:30:45,859 INFO 11759 [egg-schedule]: register schedule /Users/haha/Documents/react/react_blog2/service4/node_modules/egg-logrotator/app/schedule/clean_log.js
2022-09-21 00:30:45,860 INFO 11759 [egg-schedule]: register schedule /Users/haha/Documents/react/react_blog2/service4/node_modules/egg-logrotator/app/schedule/rotate_by_file.js
2022-09-21 00:31:30,429 INFO 11789 [egg-schedule]: register schedule /Users/haha/Documents/react/react_blog2/service4/node_modules/egg-multipart/app/schedule/clean_tmpdir.js
2022-09-21 00:31:30,430 INFO 11789 [egg-schedule]: register schedule /Users/haha/Documents/react/react_blog2/service4/node_modules/egg-logrotator/app/schedule/clean_log.js
2022-09-21 00:31:30,430 INFO 11789 [egg-schedule]: register schedule /Users/haha/Documents/react/react_blog2/service4/node_modules/egg-logrotator/app/schedule/rotate_by_file.js
2022-09-21 00:31:37,962 INFO 11799 [egg-schedule]: register schedule /Users/haha/Documents/react/react_blog2/service4/node_modules/egg-multipart/app/schedule/clean_tmpdir.js
2022-09-21 00:31:37,962 INFO 11799 [egg-schedule]: register schedule /Users/haha/Documents/react/react_blog2/service4/node_modules/egg-logrotator/app/schedule/clean_log.js
2022-09-21 00:31:37,962 INFO 11799 [egg-schedule]: register schedule /Users/haha/Documents/react/react_blog2/service4/node_modules/egg-logrotator/app/schedule/rotate_by_file.js
2022-09-21 04:47:04,252 INFO 9094 [Timer] /Users/haha/Documents/react/react_blog2/service4/node_modules/egg-multipart/app/schedule/clean_tmpdir.js next time will execute after 85376171ms at 2022-09-22 04:30:00.423
2022-09-21 04:47:04,047 INFO 11799 [Job#166376082367536921753478381481] /Users/haha/Documents/react/react_blog2/service4/node_modules/egg-multipart/app/schedule/clean_tmpdir.js executing by app
2022-09-21 04:47:04,379 INFO 11799 [Job#166376082367536921753478381481] /Users/haha/Documents/react/react_blog2/service4/node_modules/egg-multipart/app/schedule/clean_tmpdir.js execute succeed, used 99ms. 
2022-09-21 15:20:15,210 INFO 14920 [egg-schedule]: register schedule /Users/haha/Documents/react/react_blog2/service4/node_modules/egg-multipart/app/schedule/clean_tmpdir.js
2022-09-21 15:20:15,210 INFO 14920 [egg-schedule]: register schedule /Users/haha/Documents/react/react_blog2/service4/node_modules/egg-logrotator/app/schedule/clean_log.js
2022-09-21 15:20:15,211 INFO 14920 [egg-schedule]: register schedule /Users/haha/Documents/react/react_blog2/service4/node_modules/egg-logrotator/app/schedule/rotate_by_file.js
2022-09-21 15:20:15,952 INFO 14919 [Timer] /Users/haha/Documents/react/react_blog2/service4/node_modules/egg-multipart/app/schedule/clean_tmpdir.js next time will execute after 47384051ms at 2022-09-22 04:30:00.003
2022-09-21 15:20:15,953 INFO 14919 [Timer] /Users/haha/Documents/react/react_blog2/service4/node_modules/egg-logrotator/app/schedule/clean_log.js next time will execute after 31184048ms at 2022-09-22 00:00:00.001
2022-09-21 15:20:15,953 INFO 14919 [Timer] /Users/haha/Documents/react/react_blog2/service4/node_modules/egg-logrotator/app/schedule/rotate_by_file.js next time will execute after 31185047ms at 2022-09-22 00:00:01.000
2022-09-21 15:21:52,001 INFO 15066 [Timer] /Users/haha/Documents/react/react_blog2/service4/node_modules/egg-multipart/app/schedule/clean_tmpdir.js next time will execute after 47288002ms at 2022-09-22 04:30:00.003
2022-09-21 15:21:52,002 INFO 15066 [Timer] /Users/haha/Documents/react/react_blog2/service4/node_modules/egg-logrotator/app/schedule/clean_log.js next time will execute after 31087999ms at 2022-09-22 00:00:00.001
2022-09-21 15:21:52,002 INFO 15066 [Timer] /Users/haha/Documents/react/react_blog2/service4/node_modules/egg-logrotator/app/schedule/rotate_by_file.js next time will execute after 31088998ms at 2022-09-22 00:00:01.000
2022-09-21 15:21:51,482 INFO 15068 [egg-schedule]: register schedule /Users/haha/Documents/react/react_blog2/service4/node_modules/egg-multipart/app/schedule/clean_tmpdir.js
2022-09-21 15:21:51,482 INFO 15068 [egg-schedule]: register schedule /Users/haha/Documents/react/react_blog2/service4/node_modules/egg-logrotator/app/schedule/clean_log.js
2022-09-21 15:21:51,482 INFO 15068 [egg-schedule]: register schedule /Users/haha/Documents/react/react_blog2/service4/node_modules/egg-logrotator/app/schedule/rotate_by_file.js
2022-09-21 15:36:34,765 INFO 16186 [egg-schedule]: register schedule /Users/haha/Documents/react/react_blog2/service4/node_modules/egg-multipart/app/schedule/clean_tmpdir.js
2022-09-21 15:36:34,765 INFO 16186 [egg-schedule]: register schedule /Users/haha/Documents/react/react_blog2/service4/node_modules/egg-logrotator/app/schedule/clean_log.js
2022-09-21 15:36:34,766 INFO 16186 [egg-schedule]: register schedule /Users/haha/Documents/react/react_blog2/service4/node_modules/egg-logrotator/app/schedule/rotate_by_file.js
2022-09-22 15:53:08,195 INFO 38633 [Timer] /Users/haha/Documents/react/react_blog2/service4/node_modules/egg-multipart/app/schedule/clean_tmpdir.js next time will execute after 45411809ms at 2022-09-23 04:30:00.004
2022-09-22 15:53:08,196 INFO 38633 [Timer] /Users/haha/Documents/react/react_blog2/service4/node_modules/egg-logrotator/app/schedule/clean_log.js next time will execute after 29211804ms at 2022-09-23 00:00:00.000
2022-09-22 15:53:08,196 INFO 38633 [Timer] /Users/haha/Documents/react/react_blog2/service4/node_modules/egg-logrotator/app/schedule/rotate_by_file.js next time will execute after 29212804ms at 2022-09-23 00:00:01.000
2022-09-22 15:53:07,601 INFO 38634 [egg-schedule]: register schedule /Users/haha/Documents/react/react_blog2/service4/node_modules/egg-multipart/app/schedule/clean_tmpdir.js
2022-09-22 15:53:07,601 INFO 38634 [egg-schedule]: register schedule /Users/haha/Documents/react/react_blog2/service4/node_modules/egg-logrotator/app/schedule/clean_log.js
2022-09-22 15:53:07,601 INFO 38634 [egg-schedule]: register schedule /Users/haha/Documents/react/react_blog2/service4/node_modules/egg-logrotator/app/schedule/rotate_by_file.js
2022-09-25 09:34:22,585 INFO 15927 [egg-schedule]: register schedule /Users/haha/Documents/react/react_blog2/service4/node_modules/egg-multipart/app/schedule/clean_tmpdir.js
2022-09-25 09:34:22,585 INFO 15927 [egg-schedule]: register schedule /Users/haha/Documents/react/react_blog2/service4/node_modules/egg-logrotator/app/schedule/clean_log.js
2022-09-25 09:34:22,585 INFO 15927 [egg-schedule]: register schedule /Users/haha/Documents/react/react_blog2/service4/node_modules/egg-logrotator/app/schedule/rotate_by_file.js
2022-09-25 09:34:23,117 INFO 15925 [Timer] /Users/haha/Documents/react/react_blog2/service4/node_modules/egg-multipart/app/schedule/clean_tmpdir.js next time will execute after 68136886ms at 2022-09-26 04:30:00.003
2022-09-25 09:34:23,118 INFO 15925 [Timer] /Users/haha/Documents/react/react_blog2/service4/node_modules/egg-logrotator/app/schedule/clean_log.js next time will execute after 51936882ms at 2022-09-26 00:00:00.000
2022-09-25 09:34:23,118 INFO 15925 [Timer] /Users/haha/Documents/react/react_blog2/service4/node_modules/egg-logrotator/app/schedule/rotate_by_file.js next time will execute after 51937882ms at 2022-09-26 00:00:01.000
2022-09-25 11:14:06,252 INFO 20822 [egg-schedule]: register schedule /Users/haha/Documents/react/react_blog2/service4/node_modules/egg-multipart/app/schedule/clean_tmpdir.js
2022-09-25 11:14:06,252 INFO 20822 [egg-schedule]: register schedule /Users/haha/Documents/react/react_blog2/service4/node_modules/egg-logrotator/app/schedule/clean_log.js
2022-09-25 11:14:06,252 INFO 20822 [egg-schedule]: register schedule /Users/haha/Documents/react/react_blog2/service4/node_modules/egg-logrotator/app/schedule/rotate_by_file.js
